<?xml version="1.0" encoding="UTF-8"?>
<!-- Generated by org.testng.reporters.JUnitReportReporter -->
<testsuite skipped="0" hostname="DESKTOP-ADGIM57" name="qaclickacademy.Mavenjava.SeleniumTest" tests="2" failures="0" timestamp="2020-05-08T23:37:08 IST" time="0.001" errors="0">
  <testcase name="Browsertest" time="0.000" classname="qaclickacademy.Mavenjava.SeleniumTest"/>
  <system-out/>
  <testcase name="Elementsuitest" time="0.001" classname="qaclickacademy.Mavenjava.SeleniumTest"/>
  <system-out/>
</testsuite> <!-- qaclickacademy.Mavenjava.SeleniumTest -->
