<?xml version="1.0" encoding="UTF-8"?>
<!-- Generated by org.testng.reporters.JUnitReportReporter -->
<testsuite skipped="0" hostname="DESKTOP-ADGIM57" name="qaclickacademy.Mavenjava.AppiumTests" tests="2" failures="0" timestamp="2020-05-08T23:37:08 IST" time="0.004" errors="0">
  <testcase name="NativeAndroidApp" time="0.000" classname="qaclickacademy.Mavenjava.AppiumTests"/>
  <system-out/>
  <testcase name="IOS" time="0.004" classname="qaclickacademy.Mavenjava.AppiumTests"/>
  <system-out/>
</testsuite> <!-- qaclickacademy.Mavenjava.AppiumTests -->
