<?xml version="1.0" encoding="UTF-8"?>
<!-- Generated by org.testng.reporters.JUnitReportReporter -->
<testsuite skipped="0" hostname="DESKTOP-ADGIM57" name="qaclickacademy.Mavenjava.AppTest" tests="1" failures="0" timestamp="2020-05-08T23:07:18 IST" time="0.005" errors="0">
  <testcase name="shouldAnswerWithTrue" time="0.005" classname="qaclickacademy.Mavenjava.AppTest"/>
  <system-out/>
</testsuite> <!-- qaclickacademy.Mavenjava.AppTest -->
