<?xml version="1.0" encoding="UTF-8"?>
<!-- Generated by org.testng.reporters.JUnitReportReporter -->
<testsuite skipped="0" hostname="DESKTOP-ADGIM57" name="qaclickacademy.Mavenjava.RestAssuredTests" tests="2" failures="0" timestamp="2020-05-08T23:07:18 IST" time="0.000" errors="0">
  <testcase name="deleteTwitter" time="0.000" classname="qaclickacademy.Mavenjava.RestAssuredTests"/>
  <system-out/>
  <testcase name="postJira" time="0.000" classname="qaclickacademy.Mavenjava.RestAssuredTests"/>
  <system-out/>
</testsuite> <!-- qaclickacademy.Mavenjava.RestAssuredTests -->
